<?xml version="1.0" encoding="UTF-8"?>
<!-- Generated by org.testng.reporters.JUnitReportReporter -->
<testsuite skipped="0" hostname="ip-172-31-16-144" name="restAPI.GetRequestHashMap" tests="1" failures="0" timestamp="08 Jul 2023 04:03:30 GMT" time="1.588" errors="0">
  <testcase name="test1" time="1.588" classname="restAPI.GetRequestHashMap"/>
</testsuite> <!-- restAPI.GetRequestHashMap -->
