<?xml version="1.0" encoding="UTF-8"?>
<!-- Generated by org.testng.reporters.JUnitReportReporter -->
<testsuite skipped="0" hostname="ip-172-31-16-144" name="SpringBootApp.PostNewEmployee" tests="1" failures="0" timestamp="08 Jul 2023 06:38:35 GMT" time="1.502" errors="0">
  <testcase name="test1" time="1.502" classname="SpringBootApp.PostNewEmployee"/>
</testsuite> <!-- SpringBootApp.PostNewEmployee -->
