<?xml version="1.0" encoding="UTF-8"?>
<!-- Generated by org.testng.reporters.JUnitReportReporter -->
<testsuite skipped="0" hostname="ip-172-31-16-144" name="restAPIBDD.GETRequestBDD" tests="4" failures="0" timestamp="09 Jul 2023 04:31:04 GMT" time="2.418" errors="0">
  <testcase name="test3" time="0.069" classname="restAPIBDD.GETRequestBDD"/>
  <testcase name="test4" time="0.025" classname="restAPIBDD.GETRequestBDD"/>
  <testcase name="test2" time="0.768" classname="restAPIBDD.GETRequestBDD"/>
  <testcase name="test1" time="1.556" classname="restAPIBDD.GETRequestBDD"/>
</testsuite> <!-- restAPIBDD.GETRequestBDD -->
