<?xml version="1.0" encoding="UTF-8"?>
<!-- Generated by org.testng.reporters.JUnitReportReporter -->
<testsuite skipped="0" hostname="ip-172-31-16-144" name="restAPIXML.XMLTest" tests="2" failures="0" timestamp="09 Jul 2023 05:53:33 GMT" time="2.851" errors="0">
  <testcase name="test1" time="1.764" classname="restAPIXML.XMLTest"/>
  <testcase name="test2" time="1.087" classname="restAPIXML.XMLTest"/>
</testsuite> <!-- restAPIXML.XMLTest -->
