<?xml version="1.0" encoding="UTF-8"?>
<!-- Generated by org.testng.reporters.JUnitReportReporter -->
<testsuite skipped="0" hostname="ip-172-31-16-144" name="githhub.CreateRepo" tests="1" failures="0" timestamp="08 Jul 2023 07:01:24 GMT" time="1.899" errors="0">
  <testcase name="test1" time="1.899" classname="githhub.CreateRepo"/>
</testsuite> <!-- githhub.CreateRepo -->
