<?xml version="1.0" encoding="UTF-8"?>
<!-- Generated by org.testng.reporters.JUnitReportReporter -->
<testsuite skipped="0" hostname="ip-172-31-16-144" name="SpringBootApp.GetAllEmployee" tests="1" failures="0" timestamp="08 Jul 2023 06:38:16 GMT" time="2.326" errors="0">
  <testcase name="test1" time="2.326" classname="SpringBootApp.GetAllEmployee"/>
</testsuite> <!-- SpringBootApp.GetAllEmployee -->
