<?xml version="1.0" encoding="UTF-8"?>
<!-- Generated by org.testng.reporters.JUnitReportReporter -->
<testsuite skipped="0" hostname="ip-172-31-16-144" name="restAPIBDD.PostRequestBDD" tests="1" failures="0" timestamp="09 Jul 2023 04:46:14 GMT" time="1.632" errors="0">
  <testcase name="test1" time="1.632" classname="restAPIBDD.PostRequestBDD"/>
</testsuite> <!-- restAPIBDD.PostRequestBDD -->
