<?xml version="1.0" encoding="UTF-8"?>
<!-- Generated by org.testng.reporters.JUnitReportReporter -->
<testsuite skipped="0" hostname="ip-172-31-16-144" name="restAPI.PostRequestWithJsonObject" tests="1" failures="0" timestamp="08 Jul 2023 04:58:59 GMT" time="1.222" errors="0">
  <testcase name="test1" time="1.222" classname="restAPI.PostRequestWithJsonObject"/>
</testsuite> <!-- restAPI.PostRequestWithJsonObject -->
